2022-01-17 15:55:47,412:INFO:PyCaret Supervised Module
2022-01-17 15:55:47,413:INFO:ML Usecase: anomaly
2022-01-17 15:55:47,413:INFO:version 2.3.5
2022-01-17 15:55:47,414:INFO:Initializing setup()
2022-01-17 15:55:47,414:INFO:setup(target=None, ml_usecase=anomaly, available_plots={'tsne': 'Anomaly TSnE (3d)', 'umap': 'UMAP Dimensionality'}, train_size=0.7, test_data=None, preprocess=True, imputation_type=simple, iterative_imputation_iters=5, categorical_features=None, categorical_imputation=mode, categorical_iterative_imputer=lightgbm, ordinal_features=None, high_cardinality_features=None, high_cardinality_method=frequency, numeric_features=None, numeric_imputation=mean, numeric_iterative_imputer=lightgbm, date_features=None, ignore_features=None, normalize=False, normalize_method=zscore, transformation=False, transformation_method=yeo-johnson, handle_unknown_categorical=True, unknown_categorical_method=least_frequent, pca=False, pca_method=linear, pca_components=None, ignore_low_variance=False, combine_rare_levels=False, rare_level_threshold=0.1, bin_numeric_features=None, remove_outliers=False, outliers_threshold=0.05, remove_multicollinearity=False, multicollinearity_threshold=0.9, remove_perfect_collinearity=False, create_clusters=False, cluster_iter=20, polynomial_features=False, polynomial_degree=2, trigonometry_features=False, polynomial_threshold=0.1, group_features=None, group_names=None, feature_selection=False, feature_selection_threshold=0.8, feature_selection_method=classic, feature_interaction=False, feature_ratio=False, interaction_threshold=0.01, fix_imbalance=False, fix_imbalance_method=None, transform_target=False, transform_target_method=box-cox, data_split_shuffle=False, data_split_stratify=False, fold_strategy=kfold, fold=10, fold_shuffle=False, fold_groups=None, n_jobs=-1, use_gpu=False, custom_pipeline=None, html=True, session_id=None, log_experiment=False, experiment_name=None, log_plots=False, log_profile=False, log_data=False, silent=True, verbose=True, profile=False, profile_kwargs=None, display=None)
2022-01-17 15:55:47,422:INFO:Checking environment
2022-01-17 15:55:47,422:INFO:python_version: 3.8.12
2022-01-17 15:55:47,422:INFO:python_build: ('default', 'Oct 12 2021 03:01:40')
2022-01-17 15:55:47,423:INFO:machine: AMD64
2022-01-17 15:55:47,423:INFO:platform: Windows-10-10.0.19043-SP0
2022-01-17 15:55:47,423:INFO:Memory: svmem(total=34114224128, available=15967408128, percent=53.2, used=18146816000, free=15967408128)
2022-01-17 15:55:47,423:INFO:Physical Core: 8
2022-01-17 15:55:47,423:INFO:Logical Core: 16
2022-01-17 15:55:47,424:INFO:Checking libraries
2022-01-17 15:55:47,424:INFO:pd==1.3.4
2022-01-17 15:55:47,424:INFO:numpy==1.19.5
2022-01-17 15:55:47,424:INFO:sklearn==1.0.1
2022-01-17 15:56:39,558:INFO:PyCaret Supervised Module
2022-01-17 15:56:39,558:INFO:ML Usecase: anomaly
2022-01-17 15:56:39,559:INFO:version 2.3.5
2022-01-17 15:56:39,559:INFO:Initializing setup()
2022-01-17 15:56:39,559:INFO:setup(target=None, ml_usecase=anomaly, available_plots={'tsne': 'Anomaly TSnE (3d)', 'umap': 'UMAP Dimensionality'}, train_size=0.7, test_data=None, preprocess=True, imputation_type=simple, iterative_imputation_iters=5, categorical_features=None, categorical_imputation=mode, categorical_iterative_imputer=lightgbm, ordinal_features=None, high_cardinality_features=None, high_cardinality_method=frequency, numeric_features=None, numeric_imputation=mean, numeric_iterative_imputer=lightgbm, date_features=None, ignore_features=None, normalize=False, normalize_method=zscore, transformation=False, transformation_method=yeo-johnson, handle_unknown_categorical=True, unknown_categorical_method=least_frequent, pca=False, pca_method=linear, pca_components=None, ignore_low_variance=False, combine_rare_levels=False, rare_level_threshold=0.1, bin_numeric_features=None, remove_outliers=False, outliers_threshold=0.05, remove_multicollinearity=False, multicollinearity_threshold=0.9, remove_perfect_collinearity=False, create_clusters=False, cluster_iter=20, polynomial_features=False, polynomial_degree=2, trigonometry_features=False, polynomial_threshold=0.1, group_features=None, group_names=None, feature_selection=False, feature_selection_threshold=0.8, feature_selection_method=classic, feature_interaction=False, feature_ratio=False, interaction_threshold=0.01, fix_imbalance=False, fix_imbalance_method=None, transform_target=False, transform_target_method=box-cox, data_split_shuffle=False, data_split_stratify=False, fold_strategy=kfold, fold=10, fold_shuffle=False, fold_groups=None, n_jobs=-1, use_gpu=False, custom_pipeline=None, html=True, session_id=None, log_experiment=False, experiment_name=None, log_plots=False, log_profile=False, log_data=False, silent=True, verbose=True, profile=False, profile_kwargs=None, display=None)
2022-01-17 15:56:39,559:INFO:Checking environment
2022-01-17 15:56:39,559:INFO:python_version: 3.8.12
2022-01-17 15:56:39,560:INFO:python_build: ('default', 'Oct 12 2021 03:01:40')
2022-01-17 15:56:39,560:INFO:machine: AMD64
2022-01-17 15:56:39,560:INFO:platform: Windows-10-10.0.19043-SP0
2022-01-17 15:56:39,560:INFO:Memory: svmem(total=34114224128, available=15942270976, percent=53.3, used=18171953152, free=15942270976)
2022-01-17 15:56:39,560:INFO:Physical Core: 8
2022-01-17 15:56:39,561:INFO:Logical Core: 16
2022-01-17 15:56:39,561:INFO:Checking libraries
2022-01-17 15:56:39,561:INFO:pd==1.3.4
2022-01-17 15:56:39,561:INFO:numpy==1.19.5
2022-01-17 15:56:39,561:INFO:sklearn==1.0.1
2022-01-17 15:57:01,797:INFO:PyCaret Supervised Module
2022-01-17 15:57:01,798:INFO:ML Usecase: anomaly
2022-01-17 15:57:01,798:INFO:version 2.3.5
2022-01-17 15:57:01,798:INFO:Initializing setup()
2022-01-17 15:57:01,798:INFO:setup(target=None, ml_usecase=anomaly, available_plots={'tsne': 'Anomaly TSnE (3d)', 'umap': 'UMAP Dimensionality'}, train_size=0.7, test_data=None, preprocess=True, imputation_type=simple, iterative_imputation_iters=5, categorical_features=None, categorical_imputation=mode, categorical_iterative_imputer=lightgbm, ordinal_features=None, high_cardinality_features=None, high_cardinality_method=frequency, numeric_features=None, numeric_imputation=mean, numeric_iterative_imputer=lightgbm, date_features=None, ignore_features=None, normalize=False, normalize_method=zscore, transformation=False, transformation_method=yeo-johnson, handle_unknown_categorical=True, unknown_categorical_method=least_frequent, pca=False, pca_method=linear, pca_components=None, ignore_low_variance=False, combine_rare_levels=False, rare_level_threshold=0.1, bin_numeric_features=None, remove_outliers=False, outliers_threshold=0.05, remove_multicollinearity=False, multicollinearity_threshold=0.9, remove_perfect_collinearity=False, create_clusters=False, cluster_iter=20, polynomial_features=False, polynomial_degree=2, trigonometry_features=False, polynomial_threshold=0.1, group_features=None, group_names=None, feature_selection=False, feature_selection_threshold=0.8, feature_selection_method=classic, feature_interaction=False, feature_ratio=False, interaction_threshold=0.01, fix_imbalance=False, fix_imbalance_method=None, transform_target=False, transform_target_method=box-cox, data_split_shuffle=False, data_split_stratify=False, fold_strategy=kfold, fold=10, fold_shuffle=False, fold_groups=None, n_jobs=-1, use_gpu=False, custom_pipeline=None, html=True, session_id=None, log_experiment=False, experiment_name=None, log_plots=False, log_profile=False, log_data=False, silent=True, verbose=True, profile=False, profile_kwargs=None, display=None)
2022-01-17 15:57:01,798:INFO:Checking environment
2022-01-17 15:57:01,799:INFO:python_version: 3.8.12
2022-01-17 15:57:01,799:INFO:python_build: ('default', 'Oct 12 2021 03:01:40')
2022-01-17 15:57:01,799:INFO:machine: AMD64
2022-01-17 15:57:01,799:INFO:platform: Windows-10-10.0.19043-SP0
2022-01-17 15:57:01,799:INFO:Memory: svmem(total=34114224128, available=15959416832, percent=53.2, used=18154807296, free=15959416832)
2022-01-17 15:57:01,800:INFO:Physical Core: 8
2022-01-17 15:57:01,800:INFO:Logical Core: 16
2022-01-17 15:57:01,800:INFO:Checking libraries
2022-01-17 15:57:01,800:INFO:pd==1.3.4
2022-01-17 15:57:01,800:INFO:numpy==1.19.5
2022-01-17 15:57:01,801:INFO:sklearn==1.0.1
2022-01-17 15:57:42,295:INFO:PyCaret Supervised Module
2022-01-17 15:57:42,295:INFO:ML Usecase: anomaly
2022-01-17 15:57:42,295:INFO:version 2.3.5
2022-01-17 15:57:42,296:INFO:Initializing setup()
2022-01-17 15:57:42,296:INFO:setup(target=None, ml_usecase=anomaly, available_plots={'tsne': 'Anomaly TSnE (3d)', 'umap': 'UMAP Dimensionality'}, train_size=0.7, test_data=None, preprocess=True, imputation_type=simple, iterative_imputation_iters=5, categorical_features=None, categorical_imputation=mode, categorical_iterative_imputer=lightgbm, ordinal_features=None, high_cardinality_features=None, high_cardinality_method=frequency, numeric_features=None, numeric_imputation=mean, numeric_iterative_imputer=lightgbm, date_features=None, ignore_features=None, normalize=False, normalize_method=zscore, transformation=False, transformation_method=yeo-johnson, handle_unknown_categorical=True, unknown_categorical_method=least_frequent, pca=False, pca_method=linear, pca_components=None, ignore_low_variance=False, combine_rare_levels=False, rare_level_threshold=0.1, bin_numeric_features=None, remove_outliers=False, outliers_threshold=0.05, remove_multicollinearity=False, multicollinearity_threshold=0.9, remove_perfect_collinearity=False, create_clusters=False, cluster_iter=20, polynomial_features=False, polynomial_degree=2, trigonometry_features=False, polynomial_threshold=0.1, group_features=None, group_names=None, feature_selection=False, feature_selection_threshold=0.8, feature_selection_method=classic, feature_interaction=False, feature_ratio=False, interaction_threshold=0.01, fix_imbalance=False, fix_imbalance_method=None, transform_target=False, transform_target_method=box-cox, data_split_shuffle=False, data_split_stratify=False, fold_strategy=kfold, fold=10, fold_shuffle=False, fold_groups=None, n_jobs=-1, use_gpu=False, custom_pipeline=None, html=True, session_id=None, log_experiment=False, experiment_name=None, log_plots=False, log_profile=False, log_data=False, silent=True, verbose=True, profile=False, profile_kwargs=None, display=None)
2022-01-17 15:57:42,296:INFO:Checking environment
2022-01-17 15:57:42,296:INFO:python_version: 3.8.12
2022-01-17 15:57:42,296:INFO:python_build: ('default', 'Oct 12 2021 03:01:40')
2022-01-17 15:57:42,296:INFO:machine: AMD64
2022-01-17 15:57:42,297:INFO:platform: Windows-10-10.0.19043-SP0
2022-01-17 15:57:42,297:INFO:Memory: svmem(total=34114224128, available=15926820864, percent=53.3, used=18187403264, free=15926820864)
2022-01-17 15:57:42,297:INFO:Physical Core: 8
2022-01-17 15:57:42,297:INFO:Logical Core: 16
2022-01-17 15:57:42,297:INFO:Checking libraries
2022-01-17 15:57:42,298:INFO:pd==1.3.4
2022-01-17 15:57:42,298:INFO:numpy==1.19.5
2022-01-17 15:57:42,298:INFO:sklearn==1.0.1
2022-01-17 15:58:13,069:INFO:PyCaret Supervised Module
2022-01-17 15:58:13,069:INFO:ML Usecase: anomaly
2022-01-17 15:58:13,069:INFO:version 2.3.5
2022-01-17 15:58:13,070:INFO:Initializing setup()
2022-01-17 15:58:13,070:INFO:setup(target=None, ml_usecase=anomaly, available_plots={'tsne': 'Anomaly TSnE (3d)', 'umap': 'UMAP Dimensionality'}, train_size=0.7, test_data=None, preprocess=True, imputation_type=simple, iterative_imputation_iters=5, categorical_features=None, categorical_imputation=mode, categorical_iterative_imputer=lightgbm, ordinal_features=None, high_cardinality_features=None, high_cardinality_method=frequency, numeric_features=None, numeric_imputation=mean, numeric_iterative_imputer=lightgbm, date_features=None, ignore_features=None, normalize=False, normalize_method=zscore, transformation=False, transformation_method=yeo-johnson, handle_unknown_categorical=True, unknown_categorical_method=least_frequent, pca=False, pca_method=linear, pca_components=None, ignore_low_variance=False, combine_rare_levels=False, rare_level_threshold=0.1, bin_numeric_features=None, remove_outliers=False, outliers_threshold=0.05, remove_multicollinearity=False, multicollinearity_threshold=0.9, remove_perfect_collinearity=False, create_clusters=False, cluster_iter=20, polynomial_features=False, polynomial_degree=2, trigonometry_features=False, polynomial_threshold=0.1, group_features=None, group_names=None, feature_selection=False, feature_selection_threshold=0.8, feature_selection_method=classic, feature_interaction=False, feature_ratio=False, interaction_threshold=0.01, fix_imbalance=False, fix_imbalance_method=None, transform_target=False, transform_target_method=box-cox, data_split_shuffle=False, data_split_stratify=False, fold_strategy=kfold, fold=10, fold_shuffle=False, fold_groups=None, n_jobs=-1, use_gpu=False, custom_pipeline=None, html=True, session_id=None, log_experiment=False, experiment_name=None, log_plots=False, log_profile=False, log_data=False, silent=True, verbose=True, profile=False, profile_kwargs=None, display=None)
2022-01-17 15:58:13,070:INFO:Checking environment
2022-01-17 15:58:13,070:INFO:python_version: 3.8.12
2022-01-17 15:58:13,070:INFO:python_build: ('default', 'Oct 12 2021 03:01:40')
2022-01-17 15:58:13,070:INFO:machine: AMD64
2022-01-17 15:58:13,070:INFO:platform: Windows-10-10.0.19043-SP0
2022-01-17 15:58:13,070:INFO:Memory: svmem(total=34114224128, available=15845859328, percent=53.6, used=18268364800, free=15845859328)
2022-01-17 15:58:13,070:INFO:Physical Core: 8
2022-01-17 15:58:13,070:INFO:Logical Core: 16
2022-01-17 15:58:13,070:INFO:Checking libraries
2022-01-17 15:58:13,070:INFO:pd==1.3.4
2022-01-17 15:58:13,070:INFO:numpy==1.19.5
2022-01-17 15:58:13,070:INFO:sklearn==1.0.1
2022-01-17 15:59:42,220:INFO:PyCaret Supervised Module
2022-01-17 15:59:42,220:INFO:ML Usecase: anomaly
2022-01-17 15:59:42,220:INFO:version 2.3.5
2022-01-17 15:59:42,220:INFO:Initializing setup()
2022-01-17 15:59:42,220:INFO:setup(target=None, ml_usecase=anomaly, available_plots={'tsne': 'Anomaly TSnE (3d)', 'umap': 'UMAP Dimensionality'}, train_size=0.7, test_data=None, preprocess=True, imputation_type=simple, iterative_imputation_iters=5, categorical_features=None, categorical_imputation=mode, categorical_iterative_imputer=lightgbm, ordinal_features=None, high_cardinality_features=None, high_cardinality_method=frequency, numeric_features=None, numeric_imputation=mean, numeric_iterative_imputer=lightgbm, date_features=None, ignore_features=None, normalize=False, normalize_method=zscore, transformation=False, transformation_method=yeo-johnson, handle_unknown_categorical=True, unknown_categorical_method=least_frequent, pca=False, pca_method=linear, pca_components=None, ignore_low_variance=False, combine_rare_levels=False, rare_level_threshold=0.1, bin_numeric_features=None, remove_outliers=False, outliers_threshold=0.05, remove_multicollinearity=False, multicollinearity_threshold=0.9, remove_perfect_collinearity=False, create_clusters=False, cluster_iter=20, polynomial_features=False, polynomial_degree=2, trigonometry_features=False, polynomial_threshold=0.1, group_features=None, group_names=None, feature_selection=False, feature_selection_threshold=0.8, feature_selection_method=classic, feature_interaction=False, feature_ratio=False, interaction_threshold=0.01, fix_imbalance=False, fix_imbalance_method=None, transform_target=False, transform_target_method=box-cox, data_split_shuffle=False, data_split_stratify=False, fold_strategy=kfold, fold=10, fold_shuffle=False, fold_groups=None, n_jobs=-1, use_gpu=False, custom_pipeline=None, html=True, session_id=None, log_experiment=False, experiment_name=None, log_plots=False, log_profile=False, log_data=False, silent=True, verbose=True, profile=False, profile_kwargs=None, display=None)
2022-01-17 15:59:42,220:INFO:Checking environment
2022-01-17 15:59:42,220:INFO:python_version: 3.8.12
2022-01-17 15:59:42,220:INFO:python_build: ('default', 'Oct 12 2021 03:01:40')
2022-01-17 15:59:42,221:INFO:machine: AMD64
2022-01-17 15:59:42,221:INFO:platform: Windows-10-10.0.19043-SP0
2022-01-17 15:59:42,221:INFO:Memory: svmem(total=34114224128, available=15866441728, percent=53.5, used=18247782400, free=15866441728)
2022-01-17 15:59:42,221:INFO:Physical Core: 8
2022-01-17 15:59:42,221:INFO:Logical Core: 16
2022-01-17 15:59:42,221:INFO:Checking libraries
2022-01-17 15:59:42,221:INFO:pd==1.3.4
2022-01-17 15:59:42,222:INFO:numpy==1.19.5
2022-01-17 15:59:42,222:INFO:sklearn==1.0.1
2022-01-17 16:00:38,668:INFO:PyCaret Supervised Module
2022-01-17 16:00:38,668:INFO:ML Usecase: anomaly
2022-01-17 16:00:38,668:INFO:version 2.3.5
2022-01-17 16:00:38,668:INFO:Initializing setup()
2022-01-17 16:00:38,668:INFO:setup(target=None, ml_usecase=anomaly, available_plots={'tsne': 'Anomaly TSnE (3d)', 'umap': 'UMAP Dimensionality'}, train_size=0.7, test_data=None, preprocess=True, imputation_type=simple, iterative_imputation_iters=5, categorical_features=None, categorical_imputation=mode, categorical_iterative_imputer=lightgbm, ordinal_features=None, high_cardinality_features=None, high_cardinality_method=frequency, numeric_features=None, numeric_imputation=mean, numeric_iterative_imputer=lightgbm, date_features=None, ignore_features=None, normalize=False, normalize_method=zscore, transformation=False, transformation_method=yeo-johnson, handle_unknown_categorical=True, unknown_categorical_method=least_frequent, pca=False, pca_method=linear, pca_components=None, ignore_low_variance=False, combine_rare_levels=False, rare_level_threshold=0.1, bin_numeric_features=None, remove_outliers=False, outliers_threshold=0.05, remove_multicollinearity=False, multicollinearity_threshold=0.9, remove_perfect_collinearity=False, create_clusters=False, cluster_iter=20, polynomial_features=False, polynomial_degree=2, trigonometry_features=False, polynomial_threshold=0.1, group_features=None, group_names=None, feature_selection=False, feature_selection_threshold=0.8, feature_selection_method=classic, feature_interaction=False, feature_ratio=False, interaction_threshold=0.01, fix_imbalance=False, fix_imbalance_method=None, transform_target=False, transform_target_method=box-cox, data_split_shuffle=False, data_split_stratify=False, fold_strategy=kfold, fold=10, fold_shuffle=False, fold_groups=None, n_jobs=-1, use_gpu=False, custom_pipeline=None, html=True, session_id=None, log_experiment=False, experiment_name=None, log_plots=False, log_profile=False, log_data=False, silent=True, verbose=True, profile=False, profile_kwargs=None, display=None)
2022-01-17 16:00:38,668:INFO:Checking environment
2022-01-17 16:00:38,668:INFO:python_version: 3.8.12
2022-01-17 16:00:38,668:INFO:python_build: ('default', 'Oct 12 2021 03:01:40')
2022-01-17 16:00:38,668:INFO:machine: AMD64
2022-01-17 16:00:38,669:INFO:platform: Windows-10-10.0.19043-SP0
2022-01-17 16:00:38,669:INFO:Memory: svmem(total=34114224128, available=15746629632, percent=53.8, used=18367594496, free=15746629632)
2022-01-17 16:00:38,669:INFO:Physical Core: 8
2022-01-17 16:00:38,669:INFO:Logical Core: 16
2022-01-17 16:00:38,670:INFO:Checking libraries
2022-01-17 16:00:38,670:INFO:pd==1.3.4
2022-01-17 16:00:38,670:INFO:numpy==1.19.5
2022-01-17 16:00:38,670:INFO:sklearn==1.0.1
2022-01-17 16:00:59,792:INFO:PyCaret Supervised Module
2022-01-17 16:00:59,793:INFO:ML Usecase: anomaly
2022-01-17 16:00:59,793:INFO:version 2.3.5
2022-01-17 16:00:59,793:INFO:Initializing setup()
2022-01-17 16:00:59,793:INFO:setup(target=None, ml_usecase=anomaly, available_plots={'tsne': 'Anomaly TSnE (3d)', 'umap': 'UMAP Dimensionality'}, train_size=0.7, test_data=None, preprocess=True, imputation_type=simple, iterative_imputation_iters=5, categorical_features=None, categorical_imputation=mode, categorical_iterative_imputer=lightgbm, ordinal_features=None, high_cardinality_features=None, high_cardinality_method=frequency, numeric_features=None, numeric_imputation=mean, numeric_iterative_imputer=lightgbm, date_features=None, ignore_features=None, normalize=False, normalize_method=zscore, transformation=False, transformation_method=yeo-johnson, handle_unknown_categorical=True, unknown_categorical_method=least_frequent, pca=False, pca_method=linear, pca_components=None, ignore_low_variance=False, combine_rare_levels=False, rare_level_threshold=0.1, bin_numeric_features=None, remove_outliers=False, outliers_threshold=0.05, remove_multicollinearity=False, multicollinearity_threshold=0.9, remove_perfect_collinearity=False, create_clusters=False, cluster_iter=20, polynomial_features=False, polynomial_degree=2, trigonometry_features=False, polynomial_threshold=0.1, group_features=None, group_names=None, feature_selection=False, feature_selection_threshold=0.8, feature_selection_method=classic, feature_interaction=False, feature_ratio=False, interaction_threshold=0.01, fix_imbalance=False, fix_imbalance_method=None, transform_target=False, transform_target_method=box-cox, data_split_shuffle=False, data_split_stratify=False, fold_strategy=kfold, fold=10, fold_shuffle=False, fold_groups=None, n_jobs=-1, use_gpu=False, custom_pipeline=None, html=True, session_id=None, log_experiment=False, experiment_name=None, log_plots=False, log_profile=False, log_data=False, silent=True, verbose=True, profile=False, profile_kwargs=None, display=None)
2022-01-17 16:00:59,793:INFO:Checking environment
2022-01-17 16:00:59,793:INFO:python_version: 3.8.12
2022-01-17 16:00:59,793:INFO:python_build: ('default', 'Oct 12 2021 03:01:40')
2022-01-17 16:00:59,794:INFO:machine: AMD64
2022-01-17 16:00:59,794:INFO:platform: Windows-10-10.0.19043-SP0
2022-01-17 16:00:59,794:INFO:Memory: svmem(total=34114224128, available=15671713792, percent=54.1, used=18442510336, free=15671713792)
2022-01-17 16:00:59,794:INFO:Physical Core: 8
2022-01-17 16:00:59,794:INFO:Logical Core: 16
2022-01-17 16:00:59,794:INFO:Checking libraries
2022-01-17 16:00:59,794:INFO:pd==1.3.4
2022-01-17 16:00:59,794:INFO:numpy==1.19.5
2022-01-17 16:00:59,794:INFO:sklearn==1.0.1
2022-01-17 16:04:26,475:INFO:PyCaret Supervised Module
2022-01-17 16:04:26,475:INFO:ML Usecase: anomaly
2022-01-17 16:04:26,476:INFO:version 2.3.5
2022-01-17 16:04:26,476:INFO:Initializing setup()
2022-01-17 16:04:26,476:INFO:setup(target=None, ml_usecase=anomaly, available_plots={'tsne': 'Anomaly TSnE (3d)', 'umap': 'UMAP Dimensionality'}, train_size=0.7, test_data=None, preprocess=True, imputation_type=simple, iterative_imputation_iters=5, categorical_features=None, categorical_imputation=mode, categorical_iterative_imputer=lightgbm, ordinal_features=None, high_cardinality_features=None, high_cardinality_method=frequency, numeric_features=None, numeric_imputation=mean, numeric_iterative_imputer=lightgbm, date_features=None, ignore_features=None, normalize=False, normalize_method=zscore, transformation=False, transformation_method=yeo-johnson, handle_unknown_categorical=True, unknown_categorical_method=least_frequent, pca=False, pca_method=linear, pca_components=None, ignore_low_variance=False, combine_rare_levels=False, rare_level_threshold=0.1, bin_numeric_features=None, remove_outliers=False, outliers_threshold=0.05, remove_multicollinearity=False, multicollinearity_threshold=0.9, remove_perfect_collinearity=False, create_clusters=False, cluster_iter=20, polynomial_features=False, polynomial_degree=2, trigonometry_features=False, polynomial_threshold=0.1, group_features=None, group_names=None, feature_selection=False, feature_selection_threshold=0.8, feature_selection_method=classic, feature_interaction=False, feature_ratio=False, interaction_threshold=0.01, fix_imbalance=False, fix_imbalance_method=None, transform_target=False, transform_target_method=box-cox, data_split_shuffle=False, data_split_stratify=False, fold_strategy=kfold, fold=10, fold_shuffle=False, fold_groups=None, n_jobs=-1, use_gpu=False, custom_pipeline=None, html=True, session_id=None, log_experiment=False, experiment_name=None, log_plots=False, log_profile=False, log_data=False, silent=True, verbose=True, profile=False, profile_kwargs=None, display=None)
2022-01-17 16:04:26,476:INFO:Checking environment
2022-01-17 16:04:26,476:INFO:python_version: 3.8.12
2022-01-17 16:04:26,476:INFO:python_build: ('default', 'Oct 12 2021 03:01:40')
2022-01-17 16:04:26,476:INFO:machine: AMD64
2022-01-17 16:04:26,476:INFO:platform: Windows-10-10.0.19043-SP0
2022-01-17 16:04:26,476:INFO:Memory: svmem(total=34114224128, available=15755194368, percent=53.8, used=18359029760, free=15755194368)
2022-01-17 16:04:26,476:INFO:Physical Core: 8
2022-01-17 16:04:26,477:INFO:Logical Core: 16
2022-01-17 16:04:26,477:INFO:Checking libraries
2022-01-17 16:04:26,477:INFO:pd==1.3.4
2022-01-17 16:04:26,477:INFO:numpy==1.19.5
2022-01-17 16:04:26,477:INFO:sklearn==1.0.1
2022-01-17 16:04:32,563:INFO:PyCaret Supervised Module
2022-01-17 16:04:32,563:INFO:ML Usecase: anomaly
2022-01-17 16:04:32,563:INFO:version 2.3.5
2022-01-17 16:04:32,563:INFO:Initializing setup()
2022-01-17 16:04:32,563:INFO:setup(target=None, ml_usecase=anomaly, available_plots={'tsne': 'Anomaly TSnE (3d)', 'umap': 'UMAP Dimensionality'}, train_size=0.7, test_data=None, preprocess=True, imputation_type=simple, iterative_imputation_iters=5, categorical_features=None, categorical_imputation=mode, categorical_iterative_imputer=lightgbm, ordinal_features=None, high_cardinality_features=None, high_cardinality_method=frequency, numeric_features=None, numeric_imputation=mean, numeric_iterative_imputer=lightgbm, date_features=None, ignore_features=None, normalize=False, normalize_method=zscore, transformation=False, transformation_method=yeo-johnson, handle_unknown_categorical=True, unknown_categorical_method=least_frequent, pca=False, pca_method=linear, pca_components=None, ignore_low_variance=False, combine_rare_levels=False, rare_level_threshold=0.1, bin_numeric_features=None, remove_outliers=False, outliers_threshold=0.05, remove_multicollinearity=False, multicollinearity_threshold=0.9, remove_perfect_collinearity=False, create_clusters=False, cluster_iter=20, polynomial_features=False, polynomial_degree=2, trigonometry_features=False, polynomial_threshold=0.1, group_features=None, group_names=None, feature_selection=False, feature_selection_threshold=0.8, feature_selection_method=classic, feature_interaction=False, feature_ratio=False, interaction_threshold=0.01, fix_imbalance=False, fix_imbalance_method=None, transform_target=False, transform_target_method=box-cox, data_split_shuffle=False, data_split_stratify=False, fold_strategy=kfold, fold=10, fold_shuffle=False, fold_groups=None, n_jobs=-1, use_gpu=False, custom_pipeline=None, html=True, session_id=None, log_experiment=False, experiment_name=None, log_plots=False, log_profile=False, log_data=False, silent=True, verbose=True, profile=False, profile_kwargs=None, display=None)
2022-01-17 16:04:32,564:INFO:Checking environment
2022-01-17 16:04:32,564:INFO:python_version: 3.8.12
2022-01-17 16:04:32,564:INFO:python_build: ('default', 'Oct 12 2021 03:01:40')
2022-01-17 16:04:32,564:INFO:machine: AMD64
2022-01-17 16:04:32,564:INFO:platform: Windows-10-10.0.19043-SP0
2022-01-17 16:04:32,564:INFO:Memory: svmem(total=34114224128, available=15743643648, percent=53.9, used=18370580480, free=15743643648)
2022-01-17 16:04:32,564:INFO:Physical Core: 8
2022-01-17 16:04:32,564:INFO:Logical Core: 16
2022-01-17 16:04:32,564:INFO:Checking libraries
2022-01-17 16:04:32,564:INFO:pd==1.3.4
2022-01-17 16:04:32,564:INFO:numpy==1.19.5
2022-01-17 16:04:32,564:INFO:sklearn==1.0.1
2022-01-17 16:05:30,514:INFO:PyCaret Supervised Module
2022-01-17 16:05:30,514:INFO:ML Usecase: anomaly
2022-01-17 16:05:30,514:INFO:version 2.3.5
2022-01-17 16:05:30,514:INFO:Initializing setup()
2022-01-17 16:05:30,514:INFO:setup(target=None, ml_usecase=anomaly, available_plots={'tsne': 'Anomaly TSnE (3d)', 'umap': 'UMAP Dimensionality'}, train_size=0.7, test_data=None, preprocess=True, imputation_type=simple, iterative_imputation_iters=5, categorical_features=None, categorical_imputation=mode, categorical_iterative_imputer=lightgbm, ordinal_features=None, high_cardinality_features=None, high_cardinality_method=frequency, numeric_features=None, numeric_imputation=mean, numeric_iterative_imputer=lightgbm, date_features=None, ignore_features=None, normalize=False, normalize_method=zscore, transformation=False, transformation_method=yeo-johnson, handle_unknown_categorical=True, unknown_categorical_method=least_frequent, pca=False, pca_method=linear, pca_components=None, ignore_low_variance=False, combine_rare_levels=False, rare_level_threshold=0.1, bin_numeric_features=None, remove_outliers=False, outliers_threshold=0.05, remove_multicollinearity=False, multicollinearity_threshold=0.9, remove_perfect_collinearity=False, create_clusters=False, cluster_iter=20, polynomial_features=False, polynomial_degree=2, trigonometry_features=False, polynomial_threshold=0.1, group_features=None, group_names=None, feature_selection=False, feature_selection_threshold=0.8, feature_selection_method=classic, feature_interaction=False, feature_ratio=False, interaction_threshold=0.01, fix_imbalance=False, fix_imbalance_method=None, transform_target=False, transform_target_method=box-cox, data_split_shuffle=False, data_split_stratify=False, fold_strategy=kfold, fold=10, fold_shuffle=False, fold_groups=None, n_jobs=-1, use_gpu=False, custom_pipeline=None, html=True, session_id=None, log_experiment=False, experiment_name=None, log_plots=False, log_profile=False, log_data=False, silent=True, verbose=True, profile=False, profile_kwargs=None, display=None)
2022-01-17 16:05:30,515:INFO:Checking environment
2022-01-17 16:05:30,515:INFO:python_version: 3.8.12
2022-01-17 16:05:30,515:INFO:python_build: ('default', 'Oct 12 2021 03:01:40')
2022-01-17 16:05:30,515:INFO:machine: AMD64
2022-01-17 16:05:30,515:INFO:platform: Windows-10-10.0.19043-SP0
2022-01-17 16:05:30,515:INFO:Memory: svmem(total=34114224128, available=15637848064, percent=54.2, used=18476376064, free=15637848064)
2022-01-17 16:05:30,515:INFO:Physical Core: 8
2022-01-17 16:05:30,515:INFO:Logical Core: 16
2022-01-17 16:05:30,515:INFO:Checking libraries
2022-01-17 16:05:30,515:INFO:pd==1.3.4
2022-01-17 16:05:30,515:INFO:numpy==1.19.5
2022-01-17 16:05:30,515:INFO:sklearn==0.23.2
2022-01-17 16:05:30,516:INFO:lightgbm==3.3.1
2022-01-17 16:05:30,879:INFO:catboost==1.0.3
2022-01-17 16:05:31,184:INFO:xgboost==1.2.1
2022-01-17 16:05:32,293:INFO:mlflow==1.22.0
2022-01-17 16:05:32,293:INFO:Checking Exceptions
2022-01-17 16:05:32,294:INFO:Declaring global variables
2022-01-17 16:05:32,294:INFO:USI: 27be
2022-01-17 16:05:32,294:INFO:pycaret_globals: {'iterative_imputation_iters_param', 'fold_generator', 'html_param', 'master_model_container', '_gpu_n_jobs_param', 'fix_imbalance_param', 'stratify_param', 'fold_groups_param_full', 'target_param', '_all_metrics', 'exp_name_log', 'data_before_preprocess', 'transform_target_param', '_available_plots', 'logging_param', '_internal_pipeline', '_all_models', 'experiment__', 'imputation_classifier', 'transform_target_method_param', 'fix_imbalance_method_param', 'create_model_container', 'pycaret_globals', '_all_models_internal', 'USI', 'X', '_ml_usecase', 'imputation_regressor', 'fold_groups_param', 'log_plots_param', 'n_jobs_param', 'gpu_param', 'fold_param', 'display_container', 'fold_shuffle_param', 'prep_pipe', 'seed'}
2022-01-17 16:05:32,294:INFO:Preparing display monitor
2022-01-17 16:05:32,294:INFO:Preparing display monitor
2022-01-17 16:05:32,312:INFO:Importing libraries
2022-01-17 16:05:32,313:INFO:Copying data for preprocessing
2022-01-17 16:05:32,322:INFO:Declaring preprocessing parameters
2022-01-17 16:05:32,324:INFO:Creating preprocessing pipeline
2022-01-17 16:05:32,340:INFO:Preprocessing pipeline created successfully
2022-01-17 16:05:32,341:ERROR:(Process Exit): setup has been interupted with user command 'quit'. setup must rerun.
2022-01-17 16:05:32,341:INFO:Creating global containers
2022-01-17 16:05:32,343:INFO:Internal pipeline: Pipeline(memory=None, steps=[('empty_step', 'passthrough')], verbose=False)
2022-01-17 16:05:32,771:INFO:Creating grid variables
2022-01-17 16:05:32,783:INFO:create_model_container: 0
2022-01-17 16:05:32,783:INFO:master_model_container: 0
2022-01-17 16:05:32,783:INFO:display_container: 1
2022-01-17 16:05:32,789:INFO:Pipeline(memory=None,
         steps=[('dtypes',
                 DataTypes_Auto_infer(categorical_features=[],
                                      display_types=False, features_todrop=[],
                                      id_columns=[], ml_usecase='regression',
                                      numerical_features=[],
                                      target='UNSUPERVISED_DUMMY_TARGET',
                                      time_features=[])),
                ('imputer',
                 Simple_Imputer(categorical_strategy='most frequent',
                                fill_value_categorical=None,
                                fill_value_numerical=Non...
                ('scaling', 'passthrough'), ('P_transform', 'passthrough'),
                ('binn', 'passthrough'), ('rem_outliers', 'passthrough'),
                ('cluster_all', 'passthrough'),
                ('dummy', Dummify(target='UNSUPERVISED_DUMMY_TARGET')),
                ('fix_perfect', 'passthrough'),
                ('clean_names', Clean_Colum_Names()),
                ('feature_select', 'passthrough'), ('fix_multi', 'passthrough'),
                ('dfs', 'passthrough'), ('pca', 'passthrough')],
         verbose=False)
2022-01-17 16:05:32,789:INFO:setup() succesfully completed......................................
2022-01-17 16:07:06,227:INFO:gpu_param set to False
2022-01-17 16:07:22,530:INFO:Initializing create_model()
2022-01-17 16:07:22,531:INFO:create_model(estimator=iforest, num_clusters=4, fraction=0.05, ground_truth=None, round=4, fit_kwargs=None, verbose=True, system=True, add_to_model_list=True, raise_num_clusters=False, display=None, kwargs={})
2022-01-17 16:07:22,531:INFO:Checking exceptions
2022-01-17 16:07:22,531:INFO:Preparing display monitor
2022-01-17 16:07:22,541:INFO:Importing libraries
2022-01-17 16:07:22,548:INFO:Importing untrained model
2022-01-17 16:07:22,559:INFO:Isolation Forest Imported succesfully
2022-01-17 16:07:22,570:INFO:Fitting Model
2022-01-17 16:07:23,021:INFO:IForest(behaviour='new', bootstrap=False, contamination=0.05,
    max_features=1.0, max_samples='auto', n_estimators=100, n_jobs=-1,
    random_state=7314, verbose=0)
2022-01-17 16:07:23,022:INFO:create_models() succesfully completed......................................
2022-01-17 16:07:23,022:INFO:Uploading results into container
2022-01-17 16:07:23,023:INFO:Uploading model into container now
2022-01-17 16:07:23,024:INFO:create_model_container: 1
2022-01-17 16:07:23,024:INFO:master_model_container: 1
2022-01-17 16:07:23,024:INFO:display_container: 2
2022-01-17 16:07:23,024:INFO:IForest(behaviour='new', bootstrap=False, contamination=0.05,
    max_features=1.0, max_samples='auto', n_estimators=100, n_jobs=-1,
    random_state=7314, verbose=0)
2022-01-17 16:07:23,024:INFO:create_model() succesfully completed......................................
2022-01-17 16:08:13,050:INFO:Initializing assign_model()
2022-01-17 16:08:13,050:INFO:assign_model(model=IForest(behaviour='new', bootstrap=False, contamination=0.05,
    max_features=1.0, max_samples='auto', n_estimators=100, n_jobs=-1,
    random_state=7314, verbose=0), transformation=False, score=True, verbose=True)
2022-01-17 16:08:13,050:INFO:Checking exceptions
2022-01-17 16:08:13,050:INFO:Determining Trained Model
2022-01-17 16:08:13,051:INFO:Trained Model : Isolation Forest
2022-01-17 16:08:13,051:INFO:Copying data
2022-01-17 16:08:13,052:INFO:(559, 32)
2022-01-17 16:08:13,052:INFO:assign_model() succesfully completed......................................
2022-01-17 16:09:18,995:INFO:Initializing plot_model()
2022-01-17 16:09:18,996:INFO:plot_model(fold=None, use_train_data=False, verbose=True, is_in_evaluate=False, display=None, display_format=None, estimator=IForest(behaviour='new', bootstrap=False, contamination=0.05,
    max_features=1.0, max_samples='auto', n_estimators=100, n_jobs=-1,
    random_state=7314, verbose=0), feature_name=None, fit_kwargs=None, groups=None, label=False, plot=tsne, save=False, scale=1, system=True)
2022-01-17 16:09:18,996:INFO:Checking exceptions
2022-01-17 16:09:18,996:INFO:Preparing display monitor
2022-01-17 16:09:19,001:INFO:Preloading libraries
2022-01-17 16:09:19,011:INFO:Copying training dataset
2022-01-17 16:09:19,011:INFO:Plot type: tsne
2022-01-17 16:09:19,054:INFO:SubProcess assign_model() called ==================================
2022-01-17 16:09:19,055:INFO:Initializing assign_model()
2022-01-17 16:09:19,055:INFO:assign_model(model=IForest(behaviour='new', bootstrap=False, contamination=0.05,
    max_features=1.0, max_samples='auto', n_estimators=100, n_jobs=-1,
    random_state=7314, verbose=0), transformation=True, score=False, verbose=False)
2022-01-17 16:09:19,055:INFO:Checking exceptions
2022-01-17 16:09:19,055:INFO:Determining Trained Model
2022-01-17 16:09:19,056:INFO:Trained Model : Isolation Forest
2022-01-17 16:09:19,056:INFO:Copying data
2022-01-17 16:09:19,056:INFO:Transformation param set to True. Assigned clusters are attached on transformed dataset.
2022-01-17 16:09:19,057:INFO:(559, 31)
2022-01-17 16:09:19,057:INFO:assign_model() succesfully completed......................................
2022-01-17 16:09:19,057:INFO:SubProcess assign_model() end ==================================
2022-01-17 16:09:19,060:INFO:Getting dummies to cast categorical variables
2022-01-17 16:09:19,060:INFO:Fitting TSNE()
2022-01-17 16:09:22,982:INFO:Rendering Visual
2022-01-17 16:09:24,758:INFO:Visual Rendered Successfully
2022-01-17 16:09:24,886:INFO:plot_model() succesfully completed......................................
2022-01-17 16:10:26,997:INFO:Initializing plot_model()
2022-01-17 16:10:26,997:INFO:plot_model(fold=None, use_train_data=False, verbose=True, is_in_evaluate=False, display=None, display_format=None, estimator=IForest(behaviour='new', bootstrap=False, contamination=0.05,
    max_features=1.0, max_samples='auto', n_estimators=100, n_jobs=-1,
    random_state=7314, verbose=0), feature_name=None, fit_kwargs=None, groups=None, label=False, plot=umap, save=False, scale=1, system=True)
2022-01-17 16:10:26,997:INFO:Checking exceptions
2022-01-17 16:10:26,998:INFO:Preparing display monitor
2022-01-17 16:10:27,005:INFO:Preloading libraries
2022-01-17 16:10:27,018:INFO:Copying training dataset
2022-01-17 16:10:27,018:INFO:Plot type: umap
2022-01-17 16:10:27,062:INFO:SubProcess assign_model() called ==================================
2022-01-17 16:10:27,063:INFO:Initializing assign_model()
2022-01-17 16:10:27,063:INFO:assign_model(model=IForest(behaviour='new', bootstrap=False, contamination=0.05,
    max_features=1.0, max_samples='auto', n_estimators=100, n_jobs=-1,
    random_state=7314, verbose=0), transformation=True, score=False, verbose=False)
2022-01-17 16:10:27,063:INFO:Checking exceptions
2022-01-17 16:10:27,063:INFO:Determining Trained Model
2022-01-17 16:10:27,063:INFO:Trained Model : Isolation Forest
2022-01-17 16:10:27,063:INFO:Copying data
2022-01-17 16:10:27,063:INFO:Transformation param set to True. Assigned clusters are attached on transformed dataset.
2022-01-17 16:10:27,064:INFO:(559, 31)
2022-01-17 16:10:27,064:INFO:assign_model() succesfully completed......................................
2022-01-17 16:10:27,064:INFO:SubProcess assign_model() end ==================================
2022-01-17 16:11:35,632:INFO:PyCaret Supervised Module
2022-01-17 16:11:35,633:INFO:ML Usecase: anomaly
2022-01-17 16:11:35,633:INFO:version 2.3.5
2022-01-17 16:11:35,633:INFO:Initializing setup()
2022-01-17 16:11:35,633:INFO:setup(target=None, ml_usecase=anomaly, available_plots={'tsne': 'Anomaly TSnE (3d)', 'umap': 'UMAP Dimensionality'}, train_size=0.7, test_data=None, preprocess=True, imputation_type=simple, iterative_imputation_iters=5, categorical_features=None, categorical_imputation=mode, categorical_iterative_imputer=lightgbm, ordinal_features=None, high_cardinality_features=None, high_cardinality_method=frequency, numeric_features=None, numeric_imputation=mean, numeric_iterative_imputer=lightgbm, date_features=None, ignore_features=None, normalize=False, normalize_method=zscore, transformation=False, transformation_method=yeo-johnson, handle_unknown_categorical=True, unknown_categorical_method=least_frequent, pca=False, pca_method=linear, pca_components=None, ignore_low_variance=False, combine_rare_levels=False, rare_level_threshold=0.1, bin_numeric_features=None, remove_outliers=False, outliers_threshold=0.05, remove_multicollinearity=False, multicollinearity_threshold=0.9, remove_perfect_collinearity=False, create_clusters=False, cluster_iter=20, polynomial_features=False, polynomial_degree=2, trigonometry_features=False, polynomial_threshold=0.1, group_features=None, group_names=None, feature_selection=False, feature_selection_threshold=0.8, feature_selection_method=classic, feature_interaction=False, feature_ratio=False, interaction_threshold=0.01, fix_imbalance=False, fix_imbalance_method=None, transform_target=False, transform_target_method=box-cox, data_split_shuffle=False, data_split_stratify=False, fold_strategy=kfold, fold=10, fold_shuffle=False, fold_groups=None, n_jobs=-1, use_gpu=False, custom_pipeline=None, html=True, session_id=None, log_experiment=False, experiment_name=None, log_plots=False, log_profile=False, log_data=False, silent=True, verbose=True, profile=False, profile_kwargs=None, display=None)
2022-01-17 16:11:35,633:INFO:Checking environment
2022-01-17 16:11:35,633:INFO:python_version: 3.8.12
2022-01-17 16:11:35,633:INFO:python_build: ('default', 'Oct 12 2021 03:01:40')
2022-01-17 16:11:35,633:INFO:machine: AMD64
2022-01-17 16:11:35,634:INFO:platform: Windows-10-10.0.19043-SP0
2022-01-17 16:11:35,634:INFO:Memory: svmem(total=34114224128, available=15412105216, percent=54.8, used=18702118912, free=15412105216)
2022-01-17 16:11:35,634:INFO:Physical Core: 8
2022-01-17 16:11:35,634:INFO:Logical Core: 16
2022-01-17 16:11:35,634:INFO:Checking libraries
2022-01-17 16:11:35,634:INFO:pd==1.3.4
2022-01-17 16:11:35,634:INFO:numpy==1.19.5
2022-01-17 16:11:35,634:INFO:sklearn==0.23.2
2022-01-17 16:11:35,634:INFO:lightgbm==3.3.1
2022-01-17 16:11:35,662:INFO:catboost==1.0.3
2022-01-17 16:11:35,688:INFO:xgboost==1.2.1
2022-01-17 16:11:36,626:INFO:mlflow==1.22.0
2022-01-17 16:11:36,626:INFO:Checking Exceptions
2022-01-17 16:11:36,627:INFO:Declaring global variables
2022-01-17 16:11:36,627:INFO:USI: f000
2022-01-17 16:11:36,627:INFO:pycaret_globals: {'_all_models', 'transform_target_param', 'X', '_all_models_internal', 'log_plots_param', 'USI', 'fix_imbalance_param', 'master_model_container', '_all_metrics', 'pycaret_globals', 'display_container', 'logging_param', '_internal_pipeline', 'transform_target_method_param', 'prep_pipe', '_available_plots', 'fold_shuffle_param', 'imputation_classifier', 'iterative_imputation_iters_param', 'experiment__', 'stratify_param', 'html_param', 'exp_name_log', 'fix_imbalance_method_param', 'fold_groups_param', 'create_model_container', 'target_param', '_gpu_n_jobs_param', 'gpu_param', 'fold_param', 'seed', 'n_jobs_param', 'fold_generator', 'data_before_preprocess', 'imputation_regressor', 'fold_groups_param_full', '_ml_usecase'}
2022-01-17 16:11:36,627:INFO:Preparing display monitor
2022-01-17 16:11:36,627:INFO:Preparing display monitor
2022-01-17 16:11:36,639:INFO:Importing libraries
2022-01-17 16:11:36,639:INFO:Copying data for preprocessing
2022-01-17 16:11:36,647:INFO:Declaring preprocessing parameters
2022-01-17 16:11:36,649:INFO:Creating preprocessing pipeline
2022-01-17 16:11:36,665:INFO:Preprocessing pipeline created successfully
2022-01-17 16:11:36,665:ERROR:(Process Exit): setup has been interupted with user command 'quit'. setup must rerun.
2022-01-17 16:11:36,665:INFO:Creating global containers
2022-01-17 16:11:36,667:INFO:Internal pipeline: Pipeline(memory=None, steps=[('empty_step', 'passthrough')], verbose=False)
2022-01-17 16:11:37,090:INFO:Creating grid variables
2022-01-17 16:11:37,102:INFO:create_model_container: 0
2022-01-17 16:11:37,102:INFO:master_model_container: 0
2022-01-17 16:11:37,102:INFO:display_container: 1
2022-01-17 16:11:37,107:INFO:Pipeline(memory=None,
         steps=[('dtypes',
                 DataTypes_Auto_infer(categorical_features=[],
                                      display_types=False, features_todrop=[],
                                      id_columns=[], ml_usecase='regression',
                                      numerical_features=[],
                                      target='UNSUPERVISED_DUMMY_TARGET',
                                      time_features=[])),
                ('imputer',
                 Simple_Imputer(categorical_strategy='most frequent',
                                fill_value_categorical=None,
                                fill_value_numerical=Non...
                ('scaling', 'passthrough'), ('P_transform', 'passthrough'),
                ('binn', 'passthrough'), ('rem_outliers', 'passthrough'),
                ('cluster_all', 'passthrough'),
                ('dummy', Dummify(target='UNSUPERVISED_DUMMY_TARGET')),
                ('fix_perfect', 'passthrough'),
                ('clean_names', Clean_Colum_Names()),
                ('feature_select', 'passthrough'), ('fix_multi', 'passthrough'),
                ('dfs', 'passthrough'), ('pca', 'passthrough')],
         verbose=False)
2022-01-17 16:11:37,107:INFO:setup() succesfully completed......................................
2022-01-17 16:11:37,208:INFO:gpu_param set to False
2022-01-17 16:11:37,235:INFO:Initializing create_model()
2022-01-17 16:11:37,236:INFO:create_model(estimator=iforest, num_clusters=4, fraction=0.05, ground_truth=None, round=4, fit_kwargs=None, verbose=True, system=True, add_to_model_list=True, raise_num_clusters=False, display=None, kwargs={})
2022-01-17 16:11:37,236:INFO:Checking exceptions
2022-01-17 16:11:37,236:INFO:Preparing display monitor
2022-01-17 16:11:37,248:INFO:Importing libraries
2022-01-17 16:11:37,257:INFO:Importing untrained model
2022-01-17 16:11:37,268:INFO:Isolation Forest Imported succesfully
2022-01-17 16:11:37,279:INFO:Fitting Model
2022-01-17 16:11:37,772:INFO:IForest(behaviour='new', bootstrap=False, contamination=0.05,
    max_features=1.0, max_samples='auto', n_estimators=100, n_jobs=-1,
    random_state=662, verbose=0)
2022-01-17 16:11:37,773:INFO:create_models() succesfully completed......................................
2022-01-17 16:11:37,774:INFO:Uploading results into container
2022-01-17 16:11:37,774:INFO:Uploading model into container now
2022-01-17 16:11:37,775:INFO:create_model_container: 1
2022-01-17 16:11:37,775:INFO:master_model_container: 1
2022-01-17 16:11:37,775:INFO:display_container: 2
2022-01-17 16:11:37,775:INFO:IForest(behaviour='new', bootstrap=False, contamination=0.05,
    max_features=1.0, max_samples='auto', n_estimators=100, n_jobs=-1,
    random_state=662, verbose=0)
2022-01-17 16:11:37,775:INFO:create_model() succesfully completed......................................
2022-01-17 16:11:37,871:INFO:Initializing assign_model()
2022-01-17 16:11:37,871:INFO:assign_model(model=IForest(behaviour='new', bootstrap=False, contamination=0.05,
    max_features=1.0, max_samples='auto', n_estimators=100, n_jobs=-1,
    random_state=662, verbose=0), transformation=False, score=True, verbose=True)
2022-01-17 16:11:37,871:INFO:Checking exceptions
2022-01-17 16:11:37,872:INFO:Determining Trained Model
2022-01-17 16:11:37,872:INFO:Trained Model : Isolation Forest
2022-01-17 16:11:37,873:INFO:Copying data
2022-01-17 16:11:37,874:INFO:(559, 32)
2022-01-17 16:11:37,874:INFO:assign_model() succesfully completed......................................
2022-01-17 16:11:37,935:INFO:Initializing plot_model()
2022-01-17 16:11:37,936:INFO:plot_model(fold=None, use_train_data=False, verbose=True, is_in_evaluate=False, display=None, display_format=None, estimator=IForest(behaviour='new', bootstrap=False, contamination=0.05,
    max_features=1.0, max_samples='auto', n_estimators=100, n_jobs=-1,
    random_state=662, verbose=0), feature_name=None, fit_kwargs=None, groups=None, label=False, plot=tsne, save=False, scale=1, system=True)
2022-01-17 16:11:37,936:INFO:Checking exceptions
2022-01-17 16:11:37,936:INFO:Preparing display monitor
2022-01-17 16:11:37,944:INFO:Preloading libraries
2022-01-17 16:11:37,955:INFO:Copying training dataset
2022-01-17 16:11:37,957:INFO:Plot type: tsne
2022-01-17 16:11:38,007:INFO:SubProcess assign_model() called ==================================
2022-01-17 16:11:38,007:INFO:Initializing assign_model()
2022-01-17 16:11:38,007:INFO:assign_model(model=IForest(behaviour='new', bootstrap=False, contamination=0.05,
    max_features=1.0, max_samples='auto', n_estimators=100, n_jobs=-1,
    random_state=662, verbose=0), transformation=True, score=False, verbose=False)
2022-01-17 16:11:38,008:INFO:Checking exceptions
2022-01-17 16:11:38,008:INFO:Determining Trained Model
2022-01-17 16:11:38,008:INFO:Trained Model : Isolation Forest
2022-01-17 16:11:38,008:INFO:Copying data
2022-01-17 16:11:38,008:INFO:Transformation param set to True. Assigned clusters are attached on transformed dataset.
2022-01-17 16:11:38,009:INFO:(559, 31)
2022-01-17 16:11:38,009:INFO:assign_model() succesfully completed......................................
2022-01-17 16:11:38,010:INFO:SubProcess assign_model() end ==================================
2022-01-17 16:11:38,013:INFO:Getting dummies to cast categorical variables
2022-01-17 16:11:38,013:INFO:Fitting TSNE()
2022-01-17 16:11:41,905:INFO:Rendering Visual
2022-01-17 16:11:42,992:INFO:Visual Rendered Successfully
2022-01-17 16:11:43,088:INFO:plot_model() succesfully completed......................................
2022-01-17 16:11:43,106:INFO:Initializing plot_model()
2022-01-17 16:11:43,106:INFO:plot_model(fold=None, use_train_data=False, verbose=True, is_in_evaluate=False, display=None, display_format=None, estimator=IForest(behaviour='new', bootstrap=False, contamination=0.05,
    max_features=1.0, max_samples='auto', n_estimators=100, n_jobs=-1,
    random_state=662, verbose=0), feature_name=None, fit_kwargs=None, groups=None, label=False, plot=umap, save=False, scale=1, system=True)
2022-01-17 16:11:43,106:INFO:Checking exceptions
2022-01-17 16:11:43,106:INFO:Preparing display monitor
2022-01-17 16:11:43,113:INFO:Preloading libraries
2022-01-17 16:11:43,122:INFO:Copying training dataset
2022-01-17 16:11:43,122:INFO:Plot type: umap
2022-01-17 16:11:43,167:INFO:SubProcess assign_model() called ==================================
2022-01-17 16:11:43,168:INFO:Initializing assign_model()
2022-01-17 16:11:43,168:INFO:assign_model(model=IForest(behaviour='new', bootstrap=False, contamination=0.05,
    max_features=1.0, max_samples='auto', n_estimators=100, n_jobs=-1,
    random_state=662, verbose=0), transformation=True, score=False, verbose=False)
2022-01-17 16:11:43,168:INFO:Checking exceptions
2022-01-17 16:11:43,168:INFO:Determining Trained Model
2022-01-17 16:11:43,168:INFO:Trained Model : Isolation Forest
2022-01-17 16:11:43,168:INFO:Copying data
2022-01-17 16:11:43,168:INFO:Transformation param set to True. Assigned clusters are attached on transformed dataset.
2022-01-17 16:11:43,169:INFO:(559, 31)
2022-01-17 16:11:43,169:INFO:assign_model() succesfully completed......................................
2022-01-17 16:11:43,169:INFO:SubProcess assign_model() end ==================================
2022-01-17 16:13:02,993:INFO:PyCaret Supervised Module
2022-01-17 16:13:02,993:INFO:ML Usecase: anomaly
2022-01-17 16:13:02,993:INFO:version 2.3.5
2022-01-17 16:13:02,994:INFO:Initializing setup()
2022-01-17 16:13:02,994:INFO:setup(target=None, ml_usecase=anomaly, available_plots={'tsne': 'Anomaly TSnE (3d)', 'umap': 'UMAP Dimensionality'}, train_size=0.7, test_data=None, preprocess=True, imputation_type=simple, iterative_imputation_iters=5, categorical_features=None, categorical_imputation=mode, categorical_iterative_imputer=lightgbm, ordinal_features=None, high_cardinality_features=None, high_cardinality_method=frequency, numeric_features=None, numeric_imputation=mean, numeric_iterative_imputer=lightgbm, date_features=None, ignore_features=None, normalize=False, normalize_method=zscore, transformation=False, transformation_method=yeo-johnson, handle_unknown_categorical=True, unknown_categorical_method=least_frequent, pca=False, pca_method=linear, pca_components=None, ignore_low_variance=False, combine_rare_levels=False, rare_level_threshold=0.1, bin_numeric_features=None, remove_outliers=False, outliers_threshold=0.05, remove_multicollinearity=False, multicollinearity_threshold=0.9, remove_perfect_collinearity=False, create_clusters=False, cluster_iter=20, polynomial_features=False, polynomial_degree=2, trigonometry_features=False, polynomial_threshold=0.1, group_features=None, group_names=None, feature_selection=False, feature_selection_threshold=0.8, feature_selection_method=classic, feature_interaction=False, feature_ratio=False, interaction_threshold=0.01, fix_imbalance=False, fix_imbalance_method=None, transform_target=False, transform_target_method=box-cox, data_split_shuffle=False, data_split_stratify=False, fold_strategy=kfold, fold=10, fold_shuffle=False, fold_groups=None, n_jobs=-1, use_gpu=False, custom_pipeline=None, html=True, session_id=None, log_experiment=False, experiment_name=None, log_plots=False, log_profile=False, log_data=False, silent=True, verbose=True, profile=False, profile_kwargs=None, display=None)
2022-01-17 16:13:02,994:INFO:Checking environment
2022-01-17 16:13:02,994:INFO:python_version: 3.8.12
2022-01-17 16:13:02,994:INFO:python_build: ('default', 'Oct 12 2021 03:01:40')
2022-01-17 16:13:02,995:INFO:machine: AMD64
2022-01-17 16:13:02,995:INFO:platform: Windows-10-10.0.19043-SP0
2022-01-17 16:13:02,995:INFO:Memory: svmem(total=34114224128, available=14999072768, percent=56.0, used=19115151360, free=14999072768)
2022-01-17 16:13:02,995:INFO:Physical Core: 8
2022-01-17 16:13:02,995:INFO:Logical Core: 16
2022-01-17 16:13:02,995:INFO:Checking libraries
2022-01-17 16:13:02,995:INFO:pd==1.3.4
2022-01-17 16:13:02,995:INFO:numpy==1.19.5
2022-01-17 16:13:02,995:INFO:sklearn==0.23.2
2022-01-17 16:13:02,996:INFO:lightgbm==3.3.1
2022-01-17 16:13:03,027:INFO:catboost==1.0.3
2022-01-17 16:13:03,053:INFO:xgboost==1.2.1
2022-01-17 16:13:03,831:INFO:mlflow==1.22.0
2022-01-17 16:13:03,832:INFO:Checking Exceptions
2022-01-17 16:13:03,832:INFO:Declaring global variables
2022-01-17 16:13:03,832:INFO:USI: 9dfd
2022-01-17 16:13:03,832:INFO:pycaret_globals: {'_ml_usecase', 'n_jobs_param', 'fold_shuffle_param', '_all_models_internal', 'imputation_regressor', 'target_param', 'master_model_container', 'gpu_param', 'fold_param', '_available_plots', 'stratify_param', 'experiment__', 'fold_groups_param', 'log_plots_param', 'iterative_imputation_iters_param', 'imputation_classifier', 'display_container', 'logging_param', 'prep_pipe', 'transform_target_param', 'html_param', '_all_metrics', 'pycaret_globals', 'transform_target_method_param', 'fold_generator', 'exp_name_log', '_internal_pipeline', 'fix_imbalance_method_param', '_all_models', 'seed', '_gpu_n_jobs_param', 'data_before_preprocess', 'fix_imbalance_param', 'USI', 'X', 'create_model_container', 'fold_groups_param_full'}
2022-01-17 16:13:03,832:INFO:Preparing display monitor
2022-01-17 16:13:03,832:INFO:Preparing display monitor
2022-01-17 16:13:03,842:INFO:Importing libraries
2022-01-17 16:13:03,842:INFO:Copying data for preprocessing
2022-01-17 16:13:03,850:INFO:Declaring preprocessing parameters
2022-01-17 16:13:03,852:INFO:Creating preprocessing pipeline
2022-01-17 16:13:03,865:INFO:Preprocessing pipeline created successfully
2022-01-17 16:13:03,865:ERROR:(Process Exit): setup has been interupted with user command 'quit'. setup must rerun.
2022-01-17 16:13:03,865:INFO:Creating global containers
2022-01-17 16:13:03,867:INFO:Internal pipeline: Pipeline(memory=None, steps=[('empty_step', 'passthrough')], verbose=False)
2022-01-17 16:13:04,171:INFO:Creating grid variables
2022-01-17 16:13:04,182:INFO:create_model_container: 0
2022-01-17 16:13:04,182:INFO:master_model_container: 0
2022-01-17 16:13:04,182:INFO:display_container: 1
2022-01-17 16:13:04,187:INFO:Pipeline(memory=None,
         steps=[('dtypes',
                 DataTypes_Auto_infer(categorical_features=[],
                                      display_types=False, features_todrop=[],
                                      id_columns=[], ml_usecase='regression',
                                      numerical_features=[],
                                      target='UNSUPERVISED_DUMMY_TARGET',
                                      time_features=[])),
                ('imputer',
                 Simple_Imputer(categorical_strategy='most frequent',
                                fill_value_categorical=None,
                                fill_value_numerical=Non...
                ('scaling', 'passthrough'), ('P_transform', 'passthrough'),
                ('binn', 'passthrough'), ('rem_outliers', 'passthrough'),
                ('cluster_all', 'passthrough'),
                ('dummy', Dummify(target='UNSUPERVISED_DUMMY_TARGET')),
                ('fix_perfect', 'passthrough'),
                ('clean_names', Clean_Colum_Names()),
                ('feature_select', 'passthrough'), ('fix_multi', 'passthrough'),
                ('dfs', 'passthrough'), ('pca', 'passthrough')],
         verbose=False)
2022-01-17 16:13:04,187:INFO:setup() succesfully completed......................................
2022-01-17 16:13:04,280:INFO:gpu_param set to False
2022-01-17 16:13:04,308:INFO:Initializing create_model()
2022-01-17 16:13:04,308:INFO:create_model(estimator=iforest, num_clusters=4, fraction=0.05, ground_truth=None, round=4, fit_kwargs=None, verbose=True, system=True, add_to_model_list=True, raise_num_clusters=False, display=None, kwargs={})
2022-01-17 16:13:04,308:INFO:Checking exceptions
2022-01-17 16:13:04,308:INFO:Preparing display monitor
2022-01-17 16:13:04,323:INFO:Importing libraries
2022-01-17 16:13:04,333:INFO:Importing untrained model
2022-01-17 16:13:04,342:INFO:Isolation Forest Imported succesfully
2022-01-17 16:13:04,353:INFO:Fitting Model
2022-01-17 16:13:04,805:INFO:IForest(behaviour='new', bootstrap=False, contamination=0.05,
    max_features=1.0, max_samples='auto', n_estimators=100, n_jobs=-1,
    random_state=1300, verbose=0)
2022-01-17 16:13:04,805:INFO:create_models() succesfully completed......................................
2022-01-17 16:13:04,805:INFO:Uploading results into container
2022-01-17 16:13:04,806:INFO:Uploading model into container now
2022-01-17 16:13:04,807:INFO:create_model_container: 1
2022-01-17 16:13:04,807:INFO:master_model_container: 1
2022-01-17 16:13:04,807:INFO:display_container: 2
2022-01-17 16:13:04,807:INFO:IForest(behaviour='new', bootstrap=False, contamination=0.05,
    max_features=1.0, max_samples='auto', n_estimators=100, n_jobs=-1,
    random_state=1300, verbose=0)
2022-01-17 16:13:04,807:INFO:create_model() succesfully completed......................................
2022-01-17 16:13:04,908:INFO:Initializing assign_model()
2022-01-17 16:13:04,909:INFO:assign_model(model=IForest(behaviour='new', bootstrap=False, contamination=0.05,
    max_features=1.0, max_samples='auto', n_estimators=100, n_jobs=-1,
    random_state=1300, verbose=0), transformation=False, score=True, verbose=True)
2022-01-17 16:13:04,909:INFO:Checking exceptions
2022-01-17 16:13:04,909:INFO:Determining Trained Model
2022-01-17 16:13:04,909:INFO:Trained Model : Isolation Forest
2022-01-17 16:13:04,909:INFO:Copying data
2022-01-17 16:13:04,910:INFO:(559, 32)
2022-01-17 16:13:04,910:INFO:assign_model() succesfully completed......................................
2022-01-17 16:13:04,970:INFO:Initializing plot_model()
2022-01-17 16:13:04,970:INFO:plot_model(fold=None, use_train_data=False, verbose=True, is_in_evaluate=False, display=None, display_format=None, estimator=IForest(behaviour='new', bootstrap=False, contamination=0.05,
    max_features=1.0, max_samples='auto', n_estimators=100, n_jobs=-1,
    random_state=1300, verbose=0), feature_name=None, fit_kwargs=None, groups=None, label=False, plot=tsne, save=False, scale=1, system=True)
2022-01-17 16:13:04,970:INFO:Checking exceptions
2022-01-17 16:13:04,970:INFO:Preparing display monitor
2022-01-17 16:13:04,977:INFO:Preloading libraries
2022-01-17 16:13:04,988:INFO:Copying training dataset
2022-01-17 16:13:04,989:INFO:Plot type: tsne
2022-01-17 16:13:05,038:INFO:SubProcess assign_model() called ==================================
2022-01-17 16:13:05,038:INFO:Initializing assign_model()
2022-01-17 16:13:05,038:INFO:assign_model(model=IForest(behaviour='new', bootstrap=False, contamination=0.05,
    max_features=1.0, max_samples='auto', n_estimators=100, n_jobs=-1,
    random_state=1300, verbose=0), transformation=True, score=False, verbose=False)
2022-01-17 16:13:05,038:INFO:Checking exceptions
2022-01-17 16:13:05,038:INFO:Determining Trained Model
2022-01-17 16:13:05,039:INFO:Trained Model : Isolation Forest
2022-01-17 16:13:05,039:INFO:Copying data
2022-01-17 16:13:05,039:INFO:Transformation param set to True. Assigned clusters are attached on transformed dataset.
2022-01-17 16:13:05,039:INFO:(559, 31)
2022-01-17 16:13:05,040:INFO:assign_model() succesfully completed......................................
2022-01-17 16:13:05,040:INFO:SubProcess assign_model() end ==================================
2022-01-17 16:13:05,042:INFO:Getting dummies to cast categorical variables
2022-01-17 16:13:05,042:INFO:Fitting TSNE()
2022-01-17 16:13:08,547:INFO:Rendering Visual
2022-01-17 16:13:09,508:INFO:Visual Rendered Successfully
2022-01-17 16:13:09,616:INFO:plot_model() succesfully completed......................................
2022-01-17 16:13:09,625:INFO:Initializing plot_model()
2022-01-17 16:13:09,625:INFO:plot_model(fold=None, use_train_data=False, verbose=True, is_in_evaluate=False, display=None, display_format=None, estimator=IForest(behaviour='new', bootstrap=False, contamination=0.05,
    max_features=1.0, max_samples='auto', n_estimators=100, n_jobs=-1,
    random_state=1300, verbose=0), feature_name=None, fit_kwargs=None, groups=None, label=False, plot=umap, save=False, scale=1, system=True)
2022-01-17 16:13:09,625:INFO:Checking exceptions
2022-01-17 16:13:09,625:INFO:Preparing display monitor
2022-01-17 16:13:09,637:INFO:Preloading libraries
2022-01-17 16:13:09,650:INFO:Copying training dataset
2022-01-17 16:13:09,650:INFO:Plot type: umap
2022-01-17 16:13:09,699:INFO:SubProcess assign_model() called ==================================
2022-01-17 16:13:09,700:INFO:Initializing assign_model()
2022-01-17 16:13:09,700:INFO:assign_model(model=IForest(behaviour='new', bootstrap=False, contamination=0.05,
    max_features=1.0, max_samples='auto', n_estimators=100, n_jobs=-1,
    random_state=1300, verbose=0), transformation=True, score=False, verbose=False)
2022-01-17 16:13:09,700:INFO:Checking exceptions
2022-01-17 16:13:09,700:INFO:Determining Trained Model
2022-01-17 16:13:09,701:INFO:Trained Model : Isolation Forest
2022-01-17 16:13:09,701:INFO:Copying data
2022-01-17 16:13:09,701:INFO:Transformation param set to True. Assigned clusters are attached on transformed dataset.
2022-01-17 16:13:09,701:INFO:(559, 31)
2022-01-17 16:13:09,701:INFO:assign_model() succesfully completed......................................
2022-01-17 16:13:09,702:INFO:SubProcess assign_model() end ==================================
2022-01-17 16:14:02,073:INFO:PyCaret Supervised Module
2022-01-17 16:14:02,073:INFO:ML Usecase: anomaly
2022-01-17 16:14:02,073:INFO:version 2.3.5
2022-01-17 16:14:02,073:INFO:Initializing setup()
2022-01-17 16:14:02,073:INFO:setup(target=None, ml_usecase=anomaly, available_plots={'tsne': 'Anomaly TSnE (3d)', 'umap': 'UMAP Dimensionality'}, train_size=0.7, test_data=None, preprocess=True, imputation_type=simple, iterative_imputation_iters=5, categorical_features=None, categorical_imputation=mode, categorical_iterative_imputer=lightgbm, ordinal_features=None, high_cardinality_features=None, high_cardinality_method=frequency, numeric_features=None, numeric_imputation=mean, numeric_iterative_imputer=lightgbm, date_features=None, ignore_features=None, normalize=False, normalize_method=zscore, transformation=False, transformation_method=yeo-johnson, handle_unknown_categorical=True, unknown_categorical_method=least_frequent, pca=False, pca_method=linear, pca_components=None, ignore_low_variance=False, combine_rare_levels=False, rare_level_threshold=0.1, bin_numeric_features=None, remove_outliers=False, outliers_threshold=0.05, remove_multicollinearity=False, multicollinearity_threshold=0.9, remove_perfect_collinearity=False, create_clusters=False, cluster_iter=20, polynomial_features=False, polynomial_degree=2, trigonometry_features=False, polynomial_threshold=0.1, group_features=None, group_names=None, feature_selection=False, feature_selection_threshold=0.8, feature_selection_method=classic, feature_interaction=False, feature_ratio=False, interaction_threshold=0.01, fix_imbalance=False, fix_imbalance_method=None, transform_target=False, transform_target_method=box-cox, data_split_shuffle=False, data_split_stratify=False, fold_strategy=kfold, fold=10, fold_shuffle=False, fold_groups=None, n_jobs=-1, use_gpu=False, custom_pipeline=None, html=True, session_id=None, log_experiment=False, experiment_name=None, log_plots=False, log_profile=False, log_data=False, silent=True, verbose=True, profile=False, profile_kwargs=None, display=None)
2022-01-17 16:14:02,074:INFO:Checking environment
2022-01-17 16:14:02,074:INFO:python_version: 3.8.12
2022-01-17 16:14:02,074:INFO:python_build: ('default', 'Oct 12 2021 03:01:40')
2022-01-17 16:14:02,074:INFO:machine: AMD64
2022-01-17 16:14:02,074:INFO:platform: Windows-10-10.0.19043-SP0
2022-01-17 16:14:02,074:INFO:Memory: svmem(total=34114224128, available=15224606720, percent=55.4, used=18889617408, free=15224606720)
2022-01-17 16:14:02,074:INFO:Physical Core: 8
2022-01-17 16:14:02,074:INFO:Logical Core: 16
2022-01-17 16:14:02,074:INFO:Checking libraries
2022-01-17 16:14:02,074:INFO:pd==1.3.4
2022-01-17 16:14:02,074:INFO:numpy==1.19.5
2022-01-17 16:14:02,074:INFO:sklearn==0.23.2
2022-01-17 16:14:02,075:INFO:lightgbm==3.3.1
2022-01-17 16:14:02,102:INFO:catboost==1.0.3
2022-01-17 16:14:02,128:INFO:xgboost==1.2.1
2022-01-17 16:14:02,970:INFO:mlflow==1.22.0
2022-01-17 16:14:02,971:INFO:Checking Exceptions
2022-01-17 16:14:02,971:INFO:Declaring global variables
2022-01-17 16:14:02,971:INFO:USI: 8174
2022-01-17 16:14:02,971:INFO:pycaret_globals: {'logging_param', 'fix_imbalance_method_param', 'imputation_regressor', 'gpu_param', 'fold_shuffle_param', 'fold_groups_param', '_available_plots', 'fold_param', 'fold_generator', 'exp_name_log', '_ml_usecase', 'seed', 'target_param', 'fix_imbalance_param', '_internal_pipeline', 'html_param', 'transform_target_param', 'X', 'data_before_preprocess', 'prep_pipe', 'n_jobs_param', 'experiment__', 'fold_groups_param_full', '_all_models', 'iterative_imputation_iters_param', 'imputation_classifier', 'create_model_container', 'log_plots_param', '_all_metrics', 'USI', 'pycaret_globals', 'transform_target_method_param', '_all_models_internal', 'stratify_param', 'display_container', '_gpu_n_jobs_param', 'master_model_container'}
2022-01-17 16:14:02,971:INFO:Preparing display monitor
2022-01-17 16:14:02,971:INFO:Preparing display monitor
2022-01-17 16:14:02,981:INFO:Importing libraries
2022-01-17 16:14:02,982:INFO:Copying data for preprocessing
2022-01-17 16:14:02,990:INFO:Declaring preprocessing parameters
2022-01-17 16:14:02,992:INFO:Creating preprocessing pipeline
2022-01-17 16:14:03,012:INFO:Preprocessing pipeline created successfully
2022-01-17 16:14:03,012:ERROR:(Process Exit): setup has been interupted with user command 'quit'. setup must rerun.
2022-01-17 16:14:03,012:INFO:Creating global containers
2022-01-17 16:14:03,014:INFO:Internal pipeline: Pipeline(memory=None, steps=[('empty_step', 'passthrough')], verbose=False)
2022-01-17 16:14:03,347:INFO:Creating grid variables
2022-01-17 16:14:03,358:INFO:create_model_container: 0
2022-01-17 16:14:03,358:INFO:master_model_container: 0
2022-01-17 16:14:03,358:INFO:display_container: 1
2022-01-17 16:14:03,363:INFO:Pipeline(memory=None,
         steps=[('dtypes',
                 DataTypes_Auto_infer(categorical_features=[],
                                      display_types=False, features_todrop=[],
                                      id_columns=[], ml_usecase='regression',
                                      numerical_features=[],
                                      target='UNSUPERVISED_DUMMY_TARGET',
                                      time_features=[])),
                ('imputer',
                 Simple_Imputer(categorical_strategy='most frequent',
                                fill_value_categorical=None,
                                fill_value_numerical=Non...
                ('scaling', 'passthrough'), ('P_transform', 'passthrough'),
                ('binn', 'passthrough'), ('rem_outliers', 'passthrough'),
                ('cluster_all', 'passthrough'),
                ('dummy', Dummify(target='UNSUPERVISED_DUMMY_TARGET')),
                ('fix_perfect', 'passthrough'),
                ('clean_names', Clean_Colum_Names()),
                ('feature_select', 'passthrough'), ('fix_multi', 'passthrough'),
                ('dfs', 'passthrough'), ('pca', 'passthrough')],
         verbose=False)
2022-01-17 16:14:03,363:INFO:setup() succesfully completed......................................
2022-01-17 16:14:03,481:INFO:gpu_param set to False
2022-01-17 16:14:03,498:INFO:Initializing create_model()
2022-01-17 16:14:03,499:INFO:create_model(estimator=iforest, num_clusters=4, fraction=0.05, ground_truth=None, round=4, fit_kwargs=None, verbose=True, system=True, add_to_model_list=True, raise_num_clusters=False, display=None, kwargs={})
2022-01-17 16:14:03,499:INFO:Checking exceptions
2022-01-17 16:14:03,499:INFO:Preparing display monitor
2022-01-17 16:14:03,514:INFO:Importing libraries
2022-01-17 16:14:03,524:INFO:Importing untrained model
2022-01-17 16:14:03,536:INFO:Isolation Forest Imported succesfully
2022-01-17 16:14:03,548:INFO:Fitting Model
2022-01-17 16:14:03,999:INFO:IForest(behaviour='new', bootstrap=False, contamination=0.05,
    max_features=1.0, max_samples='auto', n_estimators=100, n_jobs=-1,
    random_state=2185, verbose=0)
2022-01-17 16:14:03,999:INFO:create_models() succesfully completed......................................
2022-01-17 16:14:04,000:INFO:Uploading results into container
2022-01-17 16:14:04,000:INFO:Uploading model into container now
2022-01-17 16:14:04,001:INFO:create_model_container: 1
2022-01-17 16:14:04,001:INFO:master_model_container: 1
2022-01-17 16:14:04,001:INFO:display_container: 2
2022-01-17 16:14:04,001:INFO:IForest(behaviour='new', bootstrap=False, contamination=0.05,
    max_features=1.0, max_samples='auto', n_estimators=100, n_jobs=-1,
    random_state=2185, verbose=0)
2022-01-17 16:14:04,001:INFO:create_model() succesfully completed......................................
2022-01-17 16:14:04,100:INFO:Initializing assign_model()
2022-01-17 16:14:04,100:INFO:assign_model(model=IForest(behaviour='new', bootstrap=False, contamination=0.05,
    max_features=1.0, max_samples='auto', n_estimators=100, n_jobs=-1,
    random_state=2185, verbose=0), transformation=False, score=True, verbose=True)
2022-01-17 16:14:04,100:INFO:Checking exceptions
2022-01-17 16:14:04,100:INFO:Determining Trained Model
2022-01-17 16:14:04,100:INFO:Trained Model : Isolation Forest
2022-01-17 16:14:04,100:INFO:Copying data
2022-01-17 16:14:04,101:INFO:(559, 32)
2022-01-17 16:14:04,101:INFO:assign_model() succesfully completed......................................
2022-01-17 16:14:04,148:INFO:Initializing plot_model()
2022-01-17 16:14:04,149:INFO:plot_model(fold=None, use_train_data=False, verbose=True, is_in_evaluate=False, display=None, display_format=None, estimator=IForest(behaviour='new', bootstrap=False, contamination=0.05,
    max_features=1.0, max_samples='auto', n_estimators=100, n_jobs=-1,
    random_state=2185, verbose=0), feature_name=None, fit_kwargs=None, groups=None, label=False, plot=tsne, save=False, scale=1, system=True)
2022-01-17 16:14:04,149:INFO:Checking exceptions
2022-01-17 16:14:04,149:INFO:Preparing display monitor
2022-01-17 16:14:04,156:INFO:Preloading libraries
2022-01-17 16:14:04,168:INFO:Copying training dataset
2022-01-17 16:14:04,169:INFO:Plot type: tsne
2022-01-17 16:14:04,217:INFO:SubProcess assign_model() called ==================================
2022-01-17 16:14:04,218:INFO:Initializing assign_model()
2022-01-17 16:14:04,218:INFO:assign_model(model=IForest(behaviour='new', bootstrap=False, contamination=0.05,
    max_features=1.0, max_samples='auto', n_estimators=100, n_jobs=-1,
    random_state=2185, verbose=0), transformation=True, score=False, verbose=False)
2022-01-17 16:14:04,218:INFO:Checking exceptions
2022-01-17 16:14:04,218:INFO:Determining Trained Model
2022-01-17 16:14:04,218:INFO:Trained Model : Isolation Forest
2022-01-17 16:14:04,218:INFO:Copying data
2022-01-17 16:14:04,218:INFO:Transformation param set to True. Assigned clusters are attached on transformed dataset.
2022-01-17 16:14:04,219:INFO:(559, 31)
2022-01-17 16:14:04,219:INFO:assign_model() succesfully completed......................................
2022-01-17 16:14:04,219:INFO:SubProcess assign_model() end ==================================
2022-01-17 16:14:04,222:INFO:Getting dummies to cast categorical variables
2022-01-17 16:14:04,222:INFO:Fitting TSNE()
2022-01-17 16:14:07,601:INFO:Rendering Visual
2022-01-17 16:14:08,534:INFO:Visual Rendered Successfully
2022-01-17 16:14:08,624:INFO:plot_model() succesfully completed......................................
2022-01-17 16:14:08,659:INFO:Initializing save_model()
2022-01-17 16:14:08,659:INFO:save_model(model=IForest(behaviour='new', bootstrap=False, contamination=0.05,
    max_features=1.0, max_samples='auto', n_estimators=100, n_jobs=-1,
    random_state=2185, verbose=0), model_name=iforest_model, prep_pipe_=Pipeline(memory=None,
         steps=[('dtypes',
                 DataTypes_Auto_infer(categorical_features=[],
                                      display_types=False, features_todrop=[],
                                      id_columns=[], ml_usecase='regression',
                                      numerical_features=[],
                                      target='UNSUPERVISED_DUMMY_TARGET',
                                      time_features=[])),
                ('imputer',
                 Simple_Imputer(categorical_strategy='most frequent',
                                fill_value_categorical=None,
                                fill_value_numerical=Non...
                ('scaling', 'passthrough'), ('P_transform', 'passthrough'),
                ('binn', 'passthrough'), ('rem_outliers', 'passthrough'),
                ('cluster_all', 'passthrough'),
                ('dummy', Dummify(target='UNSUPERVISED_DUMMY_TARGET')),
                ('fix_perfect', 'passthrough'),
                ('clean_names', Clean_Colum_Names()),
                ('feature_select', 'passthrough'), ('fix_multi', 'passthrough'),
                ('dfs', 'passthrough'), ('pca', 'passthrough')],
         verbose=False), verbose=True, kwargs={})
2022-01-17 16:14:08,659:INFO:Adding model into prep_pipe
2022-01-17 16:14:08,717:INFO:iforest_model.pkl saved in current working directory
2022-01-17 16:14:08,723:INFO:Pipeline(memory=None,
         steps=[('dtypes',
                 DataTypes_Auto_infer(categorical_features=[],
                                      display_types=False, features_todrop=[],
                                      id_columns=[], ml_usecase='regression',
                                      numerical_features=[],
                                      target='UNSUPERVISED_DUMMY_TARGET',
                                      time_features=[])),
                ('imputer',
                 Simple_Imputer(categorical_strategy='most frequent',
                                fill_value_categorical=None,
                                fill_value_numerical=Non...
                ('fix_perfect', 'passthrough'),
                ('clean_names', Clean_Colum_Names()),
                ('feature_select', 'passthrough'), ('fix_multi', 'passthrough'),
                ('dfs', 'passthrough'), ('pca', 'passthrough'),
                ['trained_model',
                 IForest(behaviour='new', bootstrap=False, contamination=0.05,
    max_features=1.0, max_samples='auto', n_estimators=100, n_jobs=-1,
    random_state=2185, verbose=0)]],
         verbose=False)
2022-01-17 16:14:08,723:INFO:save_model() successfully completed......................................
2022-01-17 16:14:08,838:INFO:Initializing load_model()
2022-01-17 16:14:08,839:INFO:load_model(model_name=iforest_model, platform=None, authentication=None, verbose=True)
